2025-04-29 17:10:38,561 - INFO - Программа запущена. Нажмите Ctrl+C для остановки.
2025-04-29 17:10:38,561 - INFO - Начинаем новую проверку...
2025-04-29 17:10:42,657 - ERROR - Ошибка в основном цикле: name 'logging' is not defined
2025-04-29 17:10:54,110 - INFO - Начинаем новую проверку...
2025-04-29 17:20:45,870 - INFO - Программа запущена. Нажмите Ctrl+C для остановки.
2025-04-29 17:20:45,871 - INFO - Начинаем новую проверку...
2025-04-29 17:21:01,935 - ERROR - Ошибка выбора провинции: Message: no such element: Unable to locate element: {"method":"css selector","selector":"[name="form"]"}
  (Session info: chrome=135.0.7049.84); For documentation on this error, please visit: https://www.selenium.dev/documentation/webdriver/troubleshooting/errors#no-such-element-exception
Stacktrace:
#0 0x612bf4d4375a <unknown>
#1 0x612bf47f64b0 <unknown>
#2 0x612bf48479b3 <unknown>
#3 0x612bf4847ba1 <unknown>
#4 0x612bf48961f4 <unknown>
#5 0x612bf486d5bd <unknown>
#6 0x612bf48935e0 <unknown>
#7 0x612bf486d363 <unknown>
#8 0x612bf4839d63 <unknown>
#9 0x612bf483a9c1 <unknown>
#10 0x612bf4d08a6b <unknown>
#11 0x612bf4d0c951 <unknown>
#12 0x612bf4cf0b62 <unknown>
#13 0x612bf4d0d4c4 <unknown>
#14 0x612bf4cd513f <unknown>
#15 0x612bf4d316f8 <unknown>
#16 0x612bf4d318d6 <unknown>
#17 0x612bf4d425a6 <unknown>
#18 0x708f67a2470a <unknown>
#19 0x708f67aa8aac <unknown>

2025-04-29 17:21:01,935 - ERROR - Ошибка в основном цикле: Ошибка выбора провинции
2025-04-29 17:21:13,039 - INFO - Начинаем новую проверку...
2025-04-29 17:21:15,311 - ERROR - Ошибка выбора провинции: Message: no such element: Unable to locate element: {"method":"css selector","selector":"[name="form"]"}
  (Session info: chrome=135.0.7049.84); For documentation on this error, please visit: https://www.selenium.dev/documentation/webdriver/troubleshooting/errors#no-such-element-exception
Stacktrace:
#0 0x56262dc6075a <unknown>
#1 0x56262d7134b0 <unknown>
#2 0x56262d7649b3 <unknown>
#3 0x56262d764ba1 <unknown>
#4 0x56262d7b31f4 <unknown>
#5 0x56262d78a5bd <unknown>
#6 0x56262d7b05e0 <unknown>
#7 0x56262d78a363 <unknown>
#8 0x56262d756d63 <unknown>
#9 0x56262d7579c1 <unknown>
#10 0x56262dc25a6b <unknown>
#11 0x56262dc29951 <unknown>
#12 0x56262dc0db62 <unknown>
#13 0x56262dc2a4c4 <unknown>
#14 0x56262dbf213f <unknown>
#15 0x56262dc4e6f8 <unknown>
#16 0x56262dc4e8d6 <unknown>
#17 0x56262dc5f5a6 <unknown>
#18 0x79e9c473f70a <unknown>
#19 0x79e9c47c3aac <unknown>

2025-04-29 17:21:15,311 - ERROR - Ошибка в основном цикле: Ошибка выбора провинции
2025-04-29 17:21:26,365 - INFO - Начинаем новую проверку...
2025-04-29 17:21:28,545 - ERROR - Ошибка выбора провинции: Message: no such element: Unable to locate element: {"method":"css selector","selector":"[name="form"]"}
  (Session info: chrome=135.0.7049.84); For documentation on this error, please visit: https://www.selenium.dev/documentation/webdriver/troubleshooting/errors#no-such-element-exception
Stacktrace:
#0 0x579bddb4c75a <unknown>
#1 0x579bdd5ff4b0 <unknown>
#2 0x579bdd6509b3 <unknown>
#3 0x579bdd650ba1 <unknown>
#4 0x579bdd69f1f4 <unknown>
#5 0x579bdd6765bd <unknown>
#6 0x579bdd69c5e0 <unknown>
#7 0x579bdd676363 <unknown>
#8 0x579bdd642d63 <unknown>
#9 0x579bdd6439c1 <unknown>
#10 0x579bddb11a6b <unknown>
#11 0x579bddb15951 <unknown>
#12 0x579bddaf9b62 <unknown>
#13 0x579bddb164c4 <unknown>
#14 0x579bddade13f <unknown>
#15 0x579bddb3a6f8 <unknown>
#16 0x579bddb3a8d6 <unknown>
#17 0x579bddb4b5a6 <unknown>
#18 0x780562bcc70a <unknown>
#19 0x780562c50aac <unknown>

2025-04-29 17:21:28,545 - ERROR - Ошибка в основном цикле: Ошибка выбора провинции
2025-04-29 17:21:39,540 - INFO - Начинаем новую проверку...
2025-04-29 17:21:41,755 - ERROR - Ошибка выбора провинции: Message: no such element: Unable to locate element: {"method":"css selector","selector":"[name="form"]"}
  (Session info: chrome=135.0.7049.84); For documentation on this error, please visit: https://www.selenium.dev/documentation/webdriver/troubleshooting/errors#no-such-element-exception
Stacktrace:
#0 0x60f8cb7bf75a <unknown>
#1 0x60f8cb2724b0 <unknown>
#2 0x60f8cb2c39b3 <unknown>
#3 0x60f8cb2c3ba1 <unknown>
#4 0x60f8cb3121f4 <unknown>
#5 0x60f8cb2e95bd <unknown>
#6 0x60f8cb30f5e0 <unknown>
#7 0x60f8cb2e9363 <unknown>
#8 0x60f8cb2b5d63 <unknown>
#9 0x60f8cb2b69c1 <unknown>
#10 0x60f8cb784a6b <unknown>
#11 0x60f8cb788951 <unknown>
#12 0x60f8cb76cb62 <unknown>
#13 0x60f8cb7894c4 <unknown>
#14 0x60f8cb75113f <unknown>
#15 0x60f8cb7ad6f8 <unknown>
#16 0x60f8cb7ad8d6 <unknown>
#17 0x60f8cb7be5a6 <unknown>
#18 0x7c8bde80b70a <unknown>
#19 0x7c8bde88faac <unknown>

2025-04-29 17:21:41,756 - ERROR - Ошибка в основном цикле: Ошибка выбора провинции
2025-04-29 17:21:53,003 - INFO - Программа запущена. Нажмите Ctrl+C для остановки.
2025-04-29 17:21:53,003 - INFO - Начинаем новую проверку...
2025-04-29 17:21:56,984 - ERROR - Ошибка выбора провинции: Message: no such element: Unable to locate element: {"method":"css selector","selector":"[name="form"]"}
  (Session info: chrome=135.0.7049.84); For documentation on this error, please visit: https://www.selenium.dev/documentation/webdriver/troubleshooting/errors#no-such-element-exception
Stacktrace:
#0 0x582e5244a75a <unknown>
#1 0x582e51efd4b0 <unknown>
#2 0x582e51f4e9b3 <unknown>
#3 0x582e51f4eba1 <unknown>
#4 0x582e51f9d1f4 <unknown>
#5 0x582e51f745bd <unknown>
#6 0x582e51f9a5e0 <unknown>
#7 0x582e51f74363 <unknown>
#8 0x582e51f40d63 <unknown>
#9 0x582e51f419c1 <unknown>
#10 0x582e5240fa6b <unknown>
#11 0x582e52413951 <unknown>
#12 0x582e523f7b62 <unknown>
#13 0x582e524144c4 <unknown>
#14 0x582e523dc13f <unknown>
#15 0x582e524386f8 <unknown>
#16 0x582e524388d6 <unknown>
#17 0x582e524495a6 <unknown>
#18 0x7bbd4bb1170a <unknown>
#19 0x7bbd4bb95aac <unknown>

2025-04-29 17:21:56,984 - ERROR - Ошибка в основном цикле: Ошибка выбора провинции
2025-04-29 17:22:08,198 - INFO - Начинаем новую проверку...
2025-04-29 17:22:10,440 - ERROR - Ошибка выбора провинции: Message: no such element: Unable to locate element: {"method":"css selector","selector":"[name="form"]"}
  (Session info: chrome=135.0.7049.84); For documentation on this error, please visit: https://www.selenium.dev/documentation/webdriver/troubleshooting/errors#no-such-element-exception
Stacktrace:
#0 0x5bc0b026575a <unknown>
#1 0x5bc0afd184b0 <unknown>
#2 0x5bc0afd699b3 <unknown>
#3 0x5bc0afd69ba1 <unknown>
#4 0x5bc0afdb81f4 <unknown>
#5 0x5bc0afd8f5bd <unknown>
#6 0x5bc0afdb55e0 <unknown>
#7 0x5bc0afd8f363 <unknown>
#8 0x5bc0afd5bd63 <unknown>
#9 0x5bc0afd5c9c1 <unknown>
#10 0x5bc0b022aa6b <unknown>
#11 0x5bc0b022e951 <unknown>
#12 0x5bc0b0212b62 <unknown>
#13 0x5bc0b022f4c4 <unknown>
#14 0x5bc0b01f713f <unknown>
#15 0x5bc0b02536f8 <unknown>
#16 0x5bc0b02538d6 <unknown>
#17 0x5bc0b02645a6 <unknown>
#18 0x775c725d070a <unknown>
#19 0x775c72654aac <unknown>

2025-04-29 17:22:10,440 - ERROR - Ошибка в основном цикле: Ошибка выбора провинции
2025-04-29 17:22:21,177 - INFO - Начинаем новую проверку...
2025-04-29 17:22:22,014 - INFO - Прервано пользователем.
2025-04-29 17:22:22,015 - WARNING - Retrying (Retry(total=2, connect=None, read=None, redirect=None, status=None)) after connection broken by 'ConnectionResetError(104, 'Connection reset by peer')': /session/a43684e1e4af2c2d677379fc307a68da
2025-04-29 17:22:22,016 - WARNING - Retrying (Retry(total=1, connect=None, read=None, redirect=None, status=None)) after connection broken by 'NewConnectionError('<urllib3.connection.HTTPConnection object at 0x7df9e2fd69e0>: Failed to establish a new connection: [Errno 111] Connection refused')': /session/a43684e1e4af2c2d677379fc307a68da
2025-04-29 17:22:22,016 - WARNING - Retrying (Retry(total=0, connect=None, read=None, redirect=None, status=None)) after connection broken by 'NewConnectionError('<urllib3.connection.HTTPConnection object at 0x7df9e2fd7e10>: Failed to establish a new connection: [Errno 111] Connection refused')': /session/a43684e1e4af2c2d677379fc307a68da
2025-04-29 17:56:42,106 - INFO - Программа запущена. Нажмите Ctrl+C для остановки.
2025-04-29 17:56:42,107 - INFO - Начинаем новую проверку...
2025-04-29 17:57:03,661 - ERROR - Ошибка выбора провинции: Object of type Select is not JSON serializable
2025-04-29 17:57:03,710 - INFO - Сохранен скриншот ошибки: errors/province_selection_error_20250429_175703.png
2025-04-29 17:57:03,715 - INFO - Сохранен HTML ошибки: errors/province_selection_error_20250429_175703.html
2025-04-29 17:57:03,788 - INFO - Сохранен скриншот ошибки: errors/province_selection_error_20250429_175703.png
2025-04-29 17:57:03,796 - INFO - Сохранен HTML ошибки: errors/province_selection_error_20250429_175703.html
2025-04-29 17:57:03,796 - ERROR - Ошибка в основном цикле: Ошибка выбора провинции
2025-04-29 17:57:03,850 - INFO - Сохранен скриншот ошибки: errors/main_loop_error_20250429_175703.png
2025-04-29 17:57:03,857 - INFO - Сохранен HTML ошибки: errors/main_loop_error_20250429_175703.html
2025-04-29 17:57:19,754 - INFO - Начинаем новую проверку...
2025-04-29 17:57:25,111 - ERROR - Ошибка выбора провинции: Message: invalid session id: session deleted as the browser has closed the connection
from disconnected: not connected to DevTools
  (Session info: chrome=135.0.7049.84)
Stacktrace:
#0 0x5b100303c75a <unknown>
#1 0x5b1002aef4b0 <unknown>
#2 0x5b1002ad538e <unknown>
#3 0x5b1002afdfa9 <unknown>
#4 0x5b1002b6eeb9 <unknown>
#5 0x5b1002b8bf7c <unknown>
#6 0x5b1002b66363 <unknown>
#7 0x5b1002b32d63 <unknown>
#8 0x5b1002b339c1 <unknown>
#9 0x5b1003001a6b <unknown>
#10 0x5b1003005951 <unknown>
#11 0x5b1002fe9b62 <unknown>
#12 0x5b10030064c4 <unknown>
#13 0x5b1002fce13f <unknown>
#14 0x5b100302a6f8 <unknown>
#15 0x5b100302a8d6 <unknown>
#16 0x5b100303b5a6 <unknown>
#17 0x7d25b4c7b70a <unknown>
#18 0x7d25b4cffaac <unknown>

2025-04-29 17:57:25,117 - ERROR - Ошибка в основном цикле: Message: invalid session id
Stacktrace:
#0 0x5b100303c75a <unknown>
#1 0x5b1002aef303 <unknown>
#2 0x5b1002b31f0f <unknown>
#3 0x5b1002b66496 <unknown>
#4 0x5b1002b60dd7 <unknown>
#5 0x5b1002b5ff15 <unknown>
#6 0x5b1002ab86f8 <unknown>
#7 0x5b1003001a6b <unknown>
#8 0x5b1003005951 <unknown>
#9 0x5b1002fe9b62 <unknown>
#10 0x5b10030064c4 <unknown>
#11 0x5b1002fce13f <unknown>
#12 0x5b1002ab6481 <unknown>
#13 0x7d25b4c0d488 <unknown>
#14 0x7d25b4c0d54c __libc_start_main
#15 0x5b1002a7ea2a _start

2025-04-29 17:57:25,123 - INFO - Режим отладки: браузер остается открытым
2025-04-29 17:58:17,295 - INFO - Программа запущена. Нажмите Ctrl+C для остановки.
2025-04-29 17:58:17,296 - INFO - Начинаем новую проверку...
2025-04-29 17:58:38,548 - ERROR - Ошибка выбора провинции: Message: 
Stacktrace:
#0 0x62e9ce9b275a <unknown>
#1 0x62e9ce4654b0 <unknown>
#2 0x62e9ce4b69b3 <unknown>
#3 0x62e9ce4b6ba1 <unknown>
#4 0x62e9ce5051f4 <unknown>
#5 0x62e9ce4dc5bd <unknown>
#6 0x62e9ce5025e0 <unknown>
#7 0x62e9ce4dc363 <unknown>
#8 0x62e9ce4a8d63 <unknown>
#9 0x62e9ce4a99c1 <unknown>
#10 0x62e9ce977a6b <unknown>
#11 0x62e9ce97b951 <unknown>
#12 0x62e9ce95fb62 <unknown>
#13 0x62e9ce97c4c4 <unknown>
#14 0x62e9ce94413f <unknown>
#15 0x62e9ce9a06f8 <unknown>
#16 0x62e9ce9a08d6 <unknown>
#17 0x62e9ce9b15a6 <unknown>
#18 0x77f19ffad70a <unknown>
#19 0x77f1a0031aac <unknown>

2025-04-29 17:58:38,589 - INFO - Сохранен скриншот ошибки: errors/province_selection_error_20250429_175838.png
2025-04-29 17:58:38,597 - INFO - Сохранен HTML ошибки: errors/province_selection_error_20250429_175838.html
2025-04-29 17:58:38,665 - INFO - Сохранен скриншот ошибки: errors/province_selection_error_20250429_175838.png
2025-04-29 17:58:38,673 - INFO - Сохранен HTML ошибки: errors/province_selection_error_20250429_175838.html
2025-04-29 17:58:38,674 - ERROR - Ошибка в основном цикле: Ошибка выбора провинции
2025-04-29 17:58:38,726 - INFO - Сохранен скриншот ошибки: errors/main_loop_error_20250429_175838.png
2025-04-29 17:58:38,731 - INFO - Сохранен HTML ошибки: errors/main_loop_error_20250429_175838.html
2025-04-29 17:58:54,752 - INFO - Начинаем новую проверку...
2025-04-29 17:59:09,637 - ERROR - Ошибка выбора провинции: Message: invalid session id: session deleted as the browser has closed the connection
from disconnected: not connected to DevTools
  (Session info: chrome=135.0.7049.84)
Stacktrace:
#0 0x6506a0b9475a <unknown>
#1 0x6506a06474b0 <unknown>
#2 0x6506a062d38e <unknown>
#3 0x6506a0655fa9 <unknown>
#4 0x6506a06c6eb9 <unknown>
#5 0x6506a06e3f7c <unknown>
#6 0x6506a06be363 <unknown>
#7 0x6506a068ad63 <unknown>
#8 0x6506a068b9c1 <unknown>
#9 0x6506a0b59a6b <unknown>
#10 0x6506a0b5d951 <unknown>
#11 0x6506a0b41b62 <unknown>
#12 0x6506a0b5e4c4 <unknown>
#13 0x6506a0b2613f <unknown>
#14 0x6506a0b826f8 <unknown>
#15 0x6506a0b828d6 <unknown>
#16 0x6506a0b935a6 <unknown>
#17 0x7543b3e2670a <unknown>
#18 0x7543b3eaaaac <unknown>

2025-04-29 17:59:09,643 - ERROR - Ошибка в основном цикле: Message: invalid session id
Stacktrace:
#0 0x6506a0b9475a <unknown>
#1 0x6506a0647303 <unknown>
#2 0x6506a0689f0f <unknown>
#3 0x6506a06be496 <unknown>
#4 0x6506a06b8dd7 <unknown>
#5 0x6506a06b7f15 <unknown>
#6 0x6506a06106f8 <unknown>
#7 0x6506a0b59a6b <unknown>
#8 0x6506a0b5d951 <unknown>
#9 0x6506a0b41b62 <unknown>
#10 0x6506a0b5e4c4 <unknown>
#11 0x6506a0b2613f <unknown>
#12 0x6506a060e481 <unknown>
#13 0x7543b3db8488 <unknown>
#14 0x7543b3db854c __libc_start_main
#15 0x6506a05d6a2a _start

2025-04-29 17:59:09,648 - INFO - Режим отладки: браузер остается открытым
