2025-04-29 20:36:48,894 - INFO - patching driver executable /home/v/.local/share/undetected_chromedriver/undetected_chromedriver
2025-04-29 20:41:28,482 - INFO - patching driver executable /home/v/.local/share/undetected_chromedriver/undetected_chromedriver
2025-04-29 20:43:33,469 - INFO - patching driver executable /home/v/.local/share/undetected_chromedriver/undetected_chromedriver
2025-04-29 20:46:25,750 - INFO - patching driver executable /home/v/.local/share/undetected_chromedriver/undetected_chromedriver
2025-04-29 20:53:07,394 - INFO - patching driver executable /home/v/.local/share/undetected_chromedriver/undetected_chromedriver
2025-04-29 20:53:08,361 - INFO - Попытка 1/5. Программа запущена.
2025-04-29 20:53:11,762 - ERROR - Обнаружена блокировка. Код ошибки: Cod. Oper.: A7AA6A42E3B9BDC9BFD27C43B61A176Dmol1 29/04/2025 20:53:11
2025-04-29 20:53:13,354 - INFO - Успешно обработали страницу с ошибкой
2025-04-29 20:53:13,354 - INFO - Выполняется шаг: Выбор провинции
2025-04-29 20:53:20,035 - INFO - Выполняется шаг: Выбор trámite
2025-04-29 20:53:23,137 - ERROR - Ошибка выбора trámite: Message: invalid session id: session deleted as the browser has closed the connection
from disconnected: not connected to DevTools
  (Session info: chrome=135.0.7049.84)
Stacktrace:
#0 0x63a951c9275a <unknown>
#1 0x63a9517454b0 <unknown>
#2 0x63a95172b38e <unknown>
#3 0x63a951753fa9 <unknown>
#4 0x63a9517c4eb9 <unknown>
#5 0x63a9517e1f7c <unknown>
#6 0x63a9517bc363 <unknown>
#7 0x63a951788d63 <unknown>
#8 0x63a9517899c1 <unknown>
#9 0x63a951c57a6b <unknown>
#10 0x63a951c5b951 <unknown>
#11 0x63a951c3fb62 <unknown>
#12 0x63a951c5c4c4 <unknown>
#13 0x63a951c2413f <unknown>
#14 0x63a951c806f8 <unknown>
#15 0x63a951c808d6 <unknown>
#16 0x63a951c915a6 <unknown>
#17 0x780efcc5170a <unknown>
#18 0x780efccd5aac <unknown>

2025-04-29 20:53:23,143 - ERROR - Критическая ошибка: Message: invalid session id
Stacktrace:
#0 0x63a951c9275a <unknown>
#1 0x63a951745303 <unknown>
#2 0x63a951787f0f <unknown>
#3 0x63a9517bc496 <unknown>
#4 0x63a9517b6dd7 <unknown>
#5 0x63a9517b5f15 <unknown>
#6 0x63a95170e6f8 <unknown>
#7 0x63a951c57a6b <unknown>
#8 0x63a951c5b951 <unknown>
#9 0x63a951c3fb62 <unknown>
#10 0x63a951c5c4c4 <unknown>
#11 0x63a951c2413f <unknown>
#12 0x63a95170c481 <unknown>
#13 0x780efcbe3488 <unknown>
#14 0x780efcbe354c __libc_start_main
#15 0x63a9516d4a2a _start

2025-04-29 20:53:34,908 - INFO - patching driver executable /home/v/.local/share/undetected_chromedriver/undetected_chromedriver
2025-04-29 20:53:36,059 - INFO - Попытка 1/5. Программа запущена.
2025-04-29 20:53:39,758 - ERROR - Обнаружена блокировка. Код ошибки: Cod. Oper.: 42FB6369EC902DB3B53D8FC264E156B0mol3 29/04/2025 20:53:38
2025-04-29 20:53:43,983 - INFO - Успешно обработали страницу с ошибкой
2025-04-29 20:53:43,983 - INFO - Выполняется шаг: Выбор провинции
2025-04-29 20:53:52,153 - INFO - Выполняется шаг: Выбор trámite
2025-04-29 20:54:08,240 - ERROR - Ошибка выбора trámite: Message: 
Stacktrace:
#0 0x5ce92f5a675a <unknown>
#1 0x5ce92f0594b0 <unknown>
#2 0x5ce92f0aa9b3 <unknown>
#3 0x5ce92f0aaba1 <unknown>
#4 0x5ce92f0f91f4 <unknown>
#5 0x5ce92f0d05bd <unknown>
#6 0x5ce92f0f65e0 <unknown>
#7 0x5ce92f0d0363 <unknown>
#8 0x5ce92f09cd63 <unknown>
#9 0x5ce92f09d9c1 <unknown>
#10 0x5ce92f56ba6b <unknown>
#11 0x5ce92f56f951 <unknown>
#12 0x5ce92f553b62 <unknown>
#13 0x5ce92f5704c4 <unknown>
#14 0x5ce92f53813f <unknown>
#15 0x5ce92f5946f8 <unknown>
#16 0x5ce92f5948d6 <unknown>
#17 0x5ce92f5a55a6 <unknown>
#18 0x714db7b7770a <unknown>
#19 0x714db7bfbaac <unknown>

2025-04-29 20:54:08,339 - INFO - Сохранен скриншот ошибки: errors/tramite_selection_error_20250429_205408.png
2025-04-29 20:54:08,343 - INFO - Сохранен HTML ошибки: errors/tramite_selection_error_20250429_205408.html
2025-04-29 20:54:08,456 - INFO - Сохранен скриншот ошибки: errors/tramite_selection_error_20250429_205408.png
2025-04-29 20:54:08,458 - INFO - Сохранен HTML ошибки: errors/tramite_selection_error_20250429_205408.html
2025-04-29 20:54:08,459 - WARNING - Ошибка на шаге 'Выбор trámite'. Попытка 1/5
2025-04-29 21:00:36,354 - INFO - patching driver executable /home/v/.local/share/undetected_chromedriver/undetected_chromedriver
2025-04-29 21:00:37,524 - INFO - Попытка 1/5. Программа запущена.
2025-04-29 21:00:41,488 - ERROR - Обнаружена блокировка. Код ошибки: Cod. Oper.: 654AC53242B2D06371879690EF662B94gal3 29/04/2025 21:00:40
2025-04-29 21:00:42,785 - INFO - Успешно обработали страницу с ошибкой
2025-04-29 21:00:42,785 - INFO - Выполняется шаг: Выбор провинции
2025-04-29 21:00:50,893 - INFO - Выполняется шаг: Выбор trámite
2025-04-29 21:00:55,564 - INFO - Выполняется шаг: Отправка информации
2025-04-29 21:01:00,858 - INFO - Выполняется шаг: Заполнение данных
2025-04-29 21:01:15,650 - INFO - Нет мест. Повторная проверка через 60.0 сек...
